<?xml version="1.0" encoding="UTF-8"?>
<!-- Generated by org.testng.reporters.JUnitReportReporter -->
<testsuite hostname="Simrans-MacBook-Air.local" failures="0" tests="6" name="com.petstore.api.test.UserTest" time="4.420" errors="0" timestamp="2023-09-08T17:35:26 EDT" skipped="0">
  <testcase classname="com.petstore.api.test.UserTest" name="testPostUser" time="2.996"/>
  <system-out/>
  <testcase classname="com.petstore.api.test.UserTest" name="testGetUser" time="0.295"/>
  <system-out/>
  <testcase classname="com.petstore.api.test.UserTest" name="testPutUser" time="0.329"/>
  <system-out/>
  <testcase classname="com.petstore.api.test.UserTest" name="testGetUserAfterUpdate" time="0.200"/>
  <system-out/>
  <testcase classname="com.petstore.api.test.UserTest" name="testDeleteUser" time="0.339"/>
  <system-out/>
  <testcase classname="com.petstore.api.test.UserTest" name="testGetUserAfterDelete" time="0.261"/>
  <system-out/>
</testsuite> <!-- com.petstore.api.test.UserTest -->
