<?xml version="1.0" encoding="UTF-8"?>
<!-- Generated by org.testng.reporters.JUnitReportReporter -->
<testsuite hostname="Simrans-Air" failures="0" tests="9" name="com.petstore.api.test.DataDrivenTest" time="3.488" errors="0" timestamp="2023-09-09T03:52:58 EDT" skipped="0">
  <testcase classname="com.petstore.api.test.DataDrivenTest" name="postRequest" time="0.155"/>
  <system-out/>
  <testcase classname="com.petstore.api.test.DataDrivenTest" name="postRequest" time="0.167"/>
  <system-out/>
  <testcase classname="com.petstore.api.test.DataDrivenTest" name="postRequest" time="2.173"/>
  <system-out/>
  <testcase classname="com.petstore.api.test.DataDrivenTest" name="testGetUser" time="0.188"/>
  <system-out/>
  <testcase classname="com.petstore.api.test.DataDrivenTest" name="testGetUser" time="0.159"/>
  <system-out/>
  <testcase classname="com.petstore.api.test.DataDrivenTest" name="testGetUser" time="0.167"/>
  <system-out/>
  <testcase classname="com.petstore.api.test.DataDrivenTest" name="testDeleteUser" time="0.161"/>
  <system-out/>
  <testcase classname="com.petstore.api.test.DataDrivenTest" name="testDeleteUser" time="0.167"/>
  <system-out/>
  <testcase classname="com.petstore.api.test.DataDrivenTest" name="testDeleteUser" time="0.151"/>
  <system-out/>
</testsuite> <!-- com.petstore.api.test.DataDrivenTest -->
