<?xml version="1.0" encoding="UTF-8"?>
<!-- Generated by org.testng.reporters.JUnitReportReporter -->
<testsuite hostname="Simrans-Air" failures="0" tests="6" name="com.petstore.api.test.UserTest" time="3.877" errors="0" timestamp="2023-09-09T03:57:17 EDT" skipped="0">
  <testcase classname="com.petstore.api.test.UserTest" name="testPostUser" time="2.999"/>
  <system-out/>
  <testcase classname="com.petstore.api.test.UserTest" name="testGetUser" time="0.175"/>
  <system-out/>
  <testcase classname="com.petstore.api.test.UserTest" name="testPutUser" time="0.209"/>
  <system-out/>
  <testcase classname="com.petstore.api.test.UserTest" name="testGetUserAfterUpdate" time="0.151"/>
  <system-out/>
  <testcase classname="com.petstore.api.test.UserTest" name="testDeleteUser" time="0.152"/>
  <system-out/>
  <testcase classname="com.petstore.api.test.UserTest" name="testGetUserAfterDelete" time="0.191"/>
  <system-out/>
</testsuite> <!-- com.petstore.api.test.UserTest -->
