<?xml version="1.0" encoding="UTF-8"?>
<!-- Generated by org.testng.reporters.JUnitReportReporter -->
<testsuite hostname="Simrans-Air" failures="0" tests="6" name="com.petstore.api.test.UserTest" time="3.456" errors="0" timestamp="2023-09-09T03:52:48 EDT" skipped="0">
  <testcase classname="com.petstore.api.test.UserTest" name="testPostUser" time="2.583"/>
  <system-out/>
  <testcase classname="com.petstore.api.test.UserTest" name="testGetUser" time="0.176"/>
  <system-out/>
  <testcase classname="com.petstore.api.test.UserTest" name="testPutUser" time="0.211"/>
  <system-out/>
  <testcase classname="com.petstore.api.test.UserTest" name="testGetUserAfterUpdate" time="0.152"/>
  <system-out/>
  <testcase classname="com.petstore.api.test.UserTest" name="testDeleteUser" time="0.151"/>
  <system-out/>
  <testcase classname="com.petstore.api.test.UserTest" name="testGetUserAfterDelete" time="0.183"/>
  <system-out/>
</testsuite> <!-- com.petstore.api.test.UserTest -->
