<?xml version="1.0" encoding="UTF-8"?>
<!-- Generated by org.testng.reporters.JUnitReportReporter -->
<testsuite hostname="Simrans-Air" failures="0" tests="9" name="com.petstore.api.test.DataDrivenTest" time="3.877" errors="0" timestamp="2023-09-09T02:56:11 EDT" skipped="0">
  <testcase classname="com.petstore.api.test.DataDrivenTest" name="postRequest" time="0.175"/>
  <system-out/>
  <testcase classname="com.petstore.api.test.DataDrivenTest" name="postRequest" time="0.173"/>
  <system-out/>
  <testcase classname="com.petstore.api.test.DataDrivenTest" name="postRequest" time="2.565"/>
  <system-out/>
  <testcase classname="com.petstore.api.test.DataDrivenTest" name="testGetUser" time="0.162"/>
  <system-out/>
  <testcase classname="com.petstore.api.test.DataDrivenTest" name="testGetUser" time="0.162"/>
  <system-out/>
  <testcase classname="com.petstore.api.test.DataDrivenTest" name="testGetUser" time="0.189"/>
  <system-out/>
  <testcase classname="com.petstore.api.test.DataDrivenTest" name="testDeleteUser" time="0.157"/>
  <system-out/>
  <testcase classname="com.petstore.api.test.DataDrivenTest" name="testDeleteUser" time="0.150"/>
  <system-out/>
  <testcase classname="com.petstore.api.test.DataDrivenTest" name="testDeleteUser" time="0.144"/>
  <system-out/>
</testsuite> <!-- com.petstore.api.test.DataDrivenTest -->
