<?xml version="1.0" encoding="UTF-8"?>
<!-- Generated by org.testng.reporters.JUnitReportReporter -->
<testsuite hostname="Simrans-Air" failures="0" tests="9" name="com.petstore.api.test.DataDrivenTest" time="1.416" errors="0" timestamp="2023-09-09T03:57:17 EDT" skipped="0">
  <testcase classname="com.petstore.api.test.DataDrivenTest" name="postRequest" time="0.158"/>
  <system-out/>
  <testcase classname="com.petstore.api.test.DataDrivenTest" name="postRequest" time="0.154"/>
  <system-out/>
  <testcase classname="com.petstore.api.test.DataDrivenTest" name="postRequest" time="0.166"/>
  <system-out/>
  <testcase classname="com.petstore.api.test.DataDrivenTest" name="testGetUser" time="0.154"/>
  <system-out/>
  <testcase classname="com.petstore.api.test.DataDrivenTest" name="testGetUser" time="0.160"/>
  <system-out/>
  <testcase classname="com.petstore.api.test.DataDrivenTest" name="testGetUser" time="0.156"/>
  <system-out/>
  <testcase classname="com.petstore.api.test.DataDrivenTest" name="testDeleteUser" time="0.153"/>
  <system-out/>
  <testcase classname="com.petstore.api.test.DataDrivenTest" name="testDeleteUser" time="0.155"/>
  <system-out/>
  <testcase classname="com.petstore.api.test.DataDrivenTest" name="testDeleteUser" time="0.160"/>
  <system-out/>
</testsuite> <!-- com.petstore.api.test.DataDrivenTest -->
