<?xml version="1.0" encoding="UTF-8"?>
<!-- Generated by org.testng.reporters.JUnitReportReporter -->
<testsuite hostname="Simrans-MacBook-Air.local" failures="0" tests="1" name="com.petstore.api.test.practiseTest" time="1.772" errors="0" timestamp="2023-09-08T17:14:10 EDT" skipped="0">
  <testcase classname="com.petstore.api.test.practiseTest" name="getUser" time="1.772"/>
  <system-out/>
</testsuite> <!-- com.petstore.api.test.practiseTest -->
