<?xml version="1.0" encoding="UTF-8"?>
<!-- Generated by org.testng.reporters.JUnitReportReporter -->
<testsuite hostname="Simrans-Air" failures="0" tests="9" name="com.petstore.api.test.DataDrivenTest" time="1.396" errors="0" timestamp="2023-09-09T04:06:03 EDT" skipped="0">
  <testcase classname="com.petstore.api.test.DataDrivenTest" name="postRequest" time="0.153"/>
  <testcase classname="com.petstore.api.test.DataDrivenTest" name="postRequest" time="0.154"/>
  <testcase classname="com.petstore.api.test.DataDrivenTest" name="postRequest" time="0.157"/>
  <testcase classname="com.petstore.api.test.DataDrivenTest" name="testGetUser" time="0.163"/>
  <testcase classname="com.petstore.api.test.DataDrivenTest" name="testGetUser" time="0.154"/>
  <testcase classname="com.petstore.api.test.DataDrivenTest" name="testGetUser" time="0.142"/>
  <testcase classname="com.petstore.api.test.DataDrivenTest" name="testDeleteUser" time="0.151"/>
  <testcase classname="com.petstore.api.test.DataDrivenTest" name="testDeleteUser" time="0.161"/>
  <testcase classname="com.petstore.api.test.DataDrivenTest" name="testDeleteUser" time="0.161"/>
</testsuite> <!-- com.petstore.api.test.DataDrivenTest -->
