<?xml version="1.0" encoding="UTF-8"?>
<!-- Generated by org.testng.reporters.JUnitReportReporter -->
<testsuite hostname="Simrans-Air" failures="0" tests="6" name="com.petstore.api.test.UserTest" time="3.697" errors="0" timestamp="2023-09-09T04:06:03 EDT" skipped="0">
  <testcase classname="com.petstore.api.test.UserTest" name="testPostUser" time="2.803"/>
  <testcase classname="com.petstore.api.test.UserTest" name="testGetUser" time="0.174"/>
  <testcase classname="com.petstore.api.test.UserTest" name="testPutUser" time="0.189"/>
  <testcase classname="com.petstore.api.test.UserTest" name="testGetUserAfterUpdate" time="0.171"/>
  <testcase classname="com.petstore.api.test.UserTest" name="testDeleteUser" time="0.155"/>
  <testcase classname="com.petstore.api.test.UserTest" name="testGetUserAfterDelete" time="0.205"/>
</testsuite> <!-- com.petstore.api.test.UserTest -->
